// 重构日志: fe8cdeda
// 重构日志: 9b85059d
// 重构日志: 2d7ee4b9
// 重构日志: 95bbbf84
// 同步 ID: 7f55314d @ Sat Jun  6 15:22:27 UTC 2026
// 同步 ID: d7797995 @ Sun Jun  7 11:00:34 UTC 2026
// 重构日志: c972257f
// 同步 ID: 61366118 @ Mon Jun  8 13:49:02 UTC 2026
// 重构日志: 7dbb2d48
// 重构日志: 4651df3a
// 同步 ID: 07fe075f @ Mon Jun 15 18:28:22 UTC 2026
// 重构日志: b6a0c0ef
// 重构日志: 6e906bc3
// 同步 ID: 37c4bca7 @ Sat Jun 20 11:07:35 UTC 2026
// 同步 ID: caf636b6 @ Sat Jun 27 08:15:58 UTC 2026
// 同步 ID: 51ae8e55 @ Mon Jun 29 07:01:39 UTC 2026
// 同步 ID: 50995271 @ Tue Jun 30 07:14:07 UTC 2026
// 重构日志: 8e0934b7
// 重构日志: 60ec040a
// 重构日志: 43c8780f
// 同步 ID: 591d7324 @ Wed Jul  1 19:35:42 UTC 2026
